This file contains any messages produced by compilers while
running configure, to aid debugging if configure makes a mistake.

It was created by int_arithmetic configure 1.0, which was
generated by GNU Autoconf 2.69.  Invocation command line was

  $ ./configure --prefix=/home/lvsj/arith

## --------- ##
## Platform. ##
## --------- ##

hostname = lvsj-machine
uname -m = x86_64
uname -r = 4.13.0-39-generic
uname -s = Linux
uname -v = #44~16.04.1-Ubuntu SMP Thu Apr 5 16:43:10 UTC 2018

/usr/bin/uname -p = unknown
/bin/uname -X     = unknown

/bin/arch              = unknown
/usr/bin/arch -k       = unknown
/usr/convex/getsysinfo = unknown
/usr/bin/hostinfo      = unknown
/bin/machine           = unknown
/usr/bin/oslevel       = unknown
/bin/universe          = unknown

PATH: /home/lvsj/bin
PATH: /home/lvsj/.local/bin
PATH: /usr/local/sbin
PATH: /usr/local/bin
PATH: /usr/sbin
PATH: /usr/bin
PATH: /sbin
PATH: /bin
PATH: /usr/games
PATH: /usr/local/games
PATH: /snap/bin


## ----------- ##
## Core tests. ##
## ----------- ##

configure:2088: checking for a BSD-compatible install
configure:2156: result: /usr/bin/install -c
configure:2167: checking whether build environment is sane
configure:2222: result: yes
configure:2373: checking for a thread-safe mkdir -p
configure:2412: result: /bin/mkdir -p
configure:2419: checking for gawk
configure:2435: found /usr/bin/gawk
configure:2446: result: gawk
configure:2457: checking whether make sets $(MAKE)
configure:2479: result: yes
configure:2508: checking whether make supports nested variables
configure:2525: result: yes
configure:2696: checking for ranlib
configure:2712: found /usr/bin/ranlib
configure:2723: result: ranlib
configure:2799: checking for gcc
configure:2815: found /usr/bin/gcc
configure:2826: result: gcc
configure:3055: checking for C compiler version
configure:3064: gcc --version >&5
gcc (Ubuntu 5.4.0-6ubuntu1~16.04.9) 5.4.0 20160609
Copyright (C) 2015 Free Software Foundation, Inc.
This is free software; see the source for copying conditions.  There is NO
warranty; not even for MERCHANTABILITY or FITNESS FOR A PARTICULAR PURPOSE.

configure:3075: $? = 0
configure:3064: gcc -v >&5
Using built-in specs.
COLLECT_GCC=gcc
COLLECT_LTO_WRAPPER=/usr/lib/gcc/x86_64-linux-gnu/5/lto-wrapper
Target: x86_64-linux-gnu
Configured with: ../src/configure -v --with-pkgversion='Ubuntu 5.4.0-6ubuntu1~16.04.9' --with-bugurl=file:///usr/share/doc/gcc-5/README.Bugs --enable-languages=c,ada,c++,java,go,d,fortran,objc,obj-c++ --prefix=/usr --program-suffix=-5 --enable-shared --enable-linker-build-id --libexecdir=/usr/lib --without-included-gettext --enable-threads=posix --libdir=/usr/lib --enable-nls --with-sysroot=/ --enable-clocale=gnu --enable-libstdcxx-debug --enable-libstdcxx-time=yes --with-default-libstdcxx-abi=new --enable-gnu-unique-object --disable-vtable-verify --enable-libmpx --enable-plugin --with-system-zlib --disable-browser-plugin --enable-java-awt=gtk --enable-gtk-cairo --with-java-home=/usr/lib/jvm/java-1.5.0-gcj-5-amd64/jre --enable-java-home --with-jvm-root-dir=/usr/lib/jvm/java-1.5.0-gcj-5-amd64 --with-jvm-jar-dir=/usr/lib/jvm-exports/java-1.5.0-gcj-5-amd64 --with-arch-directory=amd64 --with-ecj-jar=/usr/share/java/eclipse-ecj.jar --enable-objc-gc --enable-multiarch --disable-werror --with-arch-32=i686 --with-abi=m64 --with-multilib-list=m32,m64,mx32 --enable-multilib --with-tune=generic --enable-checking=release --build=x86_64-linux-gnu --host=x86_64-linux-gnu --target=x86_64-linux-gnu
Thread model: posix
gcc version 5.4.0 20160609 (Ubuntu 5.4.0-6ubuntu1~16.04.9) 
configure:3075: $? = 0
configure:3064: gcc -V >&5
gcc: error: unrecognized command line option '-V'
gcc: fatal error: no input files
compilation terminated.
configure:3075: $? = 1
configure:3064: gcc -qversion >&5
gcc: error: unrecognized command line option '-qversion'
gcc: fatal error: no input files
compilation terminated.
configure:3075: $? = 1
configure:3095: checking whether the C compiler works
configure:3117: gcc    conftest.c  >&5
configure:3121: $? = 0
configure:3169: result: yes
configure:3172: checking for C compiler default output file name
configure:3174: result: a.out
configure:3180: checking for suffix of executables
configure:3187: gcc -o conftest    conftest.c  >&5
configure:3191: $? = 0
configure:3213: result: 
configure:3235: checking whether we are cross compiling
configure:3243: gcc -o conftest    conftest.c  >&5
configure:3247: $? = 0
configure:3254: ./conftest
configure:3258: $? = 0
configure:3273: result: no
configure:3278: checking for suffix of object files
configure:3300: gcc -c   conftest.c >&5
configure:3304: $? = 0
configure:3325: result: o
configure:3329: checking whether we are using the GNU C compiler
configure:3348: gcc -c   conftest.c >&5
configure:3348: $? = 0
configure:3357: result: yes
configure:3366: checking whether gcc accepts -g
configure:3386: gcc -c -g  conftest.c >&5
configure:3386: $? = 0
configure:3427: result: yes
configure:3444: checking for gcc option to accept ISO C89
configure:3507: gcc  -c -g -O2  conftest.c >&5
configure:3507: $? = 0
configure:3520: result: none needed
configure:3545: checking whether gcc understands -c and -o together
configure:3567: gcc -c conftest.c -o conftest2.o
configure:3570: $? = 0
configure:3567: gcc -c conftest.c -o conftest2.o
configure:3570: $? = 0
configure:3582: result: yes
configure:3610: checking for style of include used by make
configure:3638: result: GNU
configure:3664: checking dependency style of gcc
configure:3775: result: gcc3
configure:3800: checking how to run the C preprocessor
configure:3831: gcc -E  conftest.c
configure:3831: $? = 0
configure:3845: gcc -E  conftest.c
conftest.c:11:28: fatal error: ac_nonexistent.h: No such file or directory
compilation terminated.
configure:3845: $? = 1
configure: failed program was:
| /* confdefs.h */
| #define PACKAGE_NAME "int_arithmetic"
| #define PACKAGE_TARNAME "int_arithmetic"
| #define PACKAGE_VERSION "1.0"
| #define PACKAGE_STRING "int_arithmetic 1.0"
| #define PACKAGE_BUGREPORT "12306.com"
| #define PACKAGE_URL ""
| #define PACKAGE "int_arithmetic"
| #define VERSION "1.0"
| /* end confdefs.h.  */
| #include <ac_nonexistent.h>
configure:3870: result: gcc -E
configure:3890: gcc -E  conftest.c
configure:3890: $? = 0
configure:3904: gcc -E  conftest.c
conftest.c:11:28: fatal error: ac_nonexistent.h: No such file or directory
compilation terminated.
configure:3904: $? = 1
configure: failed program was:
| /* confdefs.h */
| #define PACKAGE_NAME "int_arithmetic"
| #define PACKAGE_TARNAME "int_arithmetic"
| #define PACKAGE_VERSION "1.0"
| #define PACKAGE_STRING "int_arithmetic 1.0"
| #define PACKAGE_BUGREPORT "12306.com"
| #define PACKAGE_URL ""
| #define PACKAGE "int_arithmetic"
| #define VERSION "1.0"
| /* end confdefs.h.  */
| #include <ac_nonexistent.h>
configure:3933: checking for grep that handles long lines and -e
configure:3991: result: /bin/grep
configure:3996: checking for egrep
configure:4058: result: /bin/grep -E
configure:4063: checking for ANSI C header files
configure:4083: gcc -c -g -O2  conftest.c >&5
configure:4083: $? = 0
configure:4156: gcc -o conftest -g -O2   conftest.c  >&5
configure:4156: $? = 0
configure:4156: ./conftest
configure:4156: $? = 0
configure:4167: result: yes
configure:4180: checking for sys/types.h
configure:4180: gcc -c -g -O2  conftest.c >&5
configure:4180: $? = 0
configure:4180: result: yes
configure:4180: checking for sys/stat.h
configure:4180: gcc -c -g -O2  conftest.c >&5
configure:4180: $? = 0
configure:4180: result: yes
configure:4180: checking for stdlib.h
configure:4180: gcc -c -g -O2  conftest.c >&5
configure:4180: $? = 0
configure:4180: result: yes
configure:4180: checking for string.h
configure:4180: gcc -c -g -O2  conftest.c >&5
configure:4180: $? = 0
configure:4180: result: yes
configure:4180: checking for memory.h
configure:4180: gcc -c -g -O2  conftest.c >&5
configure:4180: $? = 0
configure:4180: result: yes
configure:4180: checking for strings.h
configure:4180: gcc -c -g -O2  conftest.c >&5
configure:4180: $? = 0
configure:4180: result: yes
configure:4180: checking for inttypes.h
configure:4180: gcc -c -g -O2  conftest.c >&5
configure:4180: $? = 0
configure:4180: result: yes
configure:4180: checking for stdint.h
configure:4180: gcc -c -g -O2  conftest.c >&5
configure:4180: $? = 0
configure:4180: result: yes
configure:4180: checking for unistd.h
configure:4180: gcc -c -g -O2  conftest.c >&5
configure:4180: $? = 0
configure:4180: result: yes
configure:4195: checking for stdlib.h
configure:4195: result: yes
configure:4195: checking for unistd.h
configure:4195: result: yes
configure:4321: checking that generated files are newer than configure
configure:4327: result: done
configure:4350: creating ./config.status

## ---------------------- ##
## Running config.status. ##
## ---------------------- ##

This file was extended by int_arithmetic config.status 1.0, which was
generated by GNU Autoconf 2.69.  Invocation command line was

  CONFIG_FILES    = 
  CONFIG_HEADERS  = 
  CONFIG_LINKS    = 
  CONFIG_COMMANDS = 
  $ ./config.status 

on lvsj-machine

config.status:857: creating Makefile
config.status:857: creating src/Makefile
config.status:857: creating config.h
config.status:1086: executing depfiles commands

## ---------------- ##
## Cache variables. ##
## ---------------- ##

ac_cv_c_compiler_gnu=yes
ac_cv_env_CC_set=
ac_cv_env_CC_value=
ac_cv_env_CFLAGS_set=
ac_cv_env_CFLAGS_value=
ac_cv_env_CPPFLAGS_set=
ac_cv_env_CPPFLAGS_value=
ac_cv_env_CPP_set=
ac_cv_env_CPP_value=
ac_cv_env_LDFLAGS_set=
ac_cv_env_LDFLAGS_value=
ac_cv_env_LIBS_set=
ac_cv_env_LIBS_value=
ac_cv_env_build_alias_set=
ac_cv_env_build_alias_value=
ac_cv_env_host_alias_set=
ac_cv_env_host_alias_value=
ac_cv_env_target_alias_set=
ac_cv_env_target_alias_value=
ac_cv_header_inttypes_h=yes
ac_cv_header_memory_h=yes
ac_cv_header_stdc=yes
ac_cv_header_stdint_h=yes
ac_cv_header_stdlib_h=yes
ac_cv_header_string_h=yes
ac_cv_header_strings_h=yes
ac_cv_header_sys_stat_h=yes
ac_cv_header_sys_types_h=yes
ac_cv_header_unistd_h=yes
ac_cv_objext=o
ac_cv_path_EGREP='/bin/grep -E'
ac_cv_path_GREP=/bin/grep
ac_cv_path_install='/usr/bin/install -c'
ac_cv_path_mkdir=/bin/mkdir
ac_cv_prog_AWK=gawk
ac_cv_prog_CPP='gcc -E'
ac_cv_prog_ac_ct_CC=gcc
ac_cv_prog_ac_ct_RANLIB=ranlib
ac_cv_prog_cc_c89=
ac_cv_prog_cc_g=yes
ac_cv_prog_make_make_set=yes
am_cv_CC_dependencies_compiler_type=gcc3
am_cv_make_support_nested_variables=yes
am_cv_prog_cc_c_o=yes

## ----------------- ##
## Output variables. ##
## ----------------- ##

ACLOCAL='${SHELL} /home/lvsj/study/test/arithmetic/missing aclocal-1.15'
AMDEPBACKSLASH='\'
AMDEP_FALSE='#'
AMDEP_TRUE=''
AMTAR='$${TAR-tar}'
AM_BACKSLASH='\'
AM_DEFAULT_V='$(AM_DEFAULT_VERBOSITY)'
AM_DEFAULT_VERBOSITY='1'
AM_V='$(V)'
AUTOCONF='${SHELL} /home/lvsj/study/test/arithmetic/missing autoconf'
AUTOHEADER='${SHELL} /home/lvsj/study/test/arithmetic/missing autoheader'
AUTOMAKE='${SHELL} /home/lvsj/study/test/arithmetic/missing automake-1.15'
AWK='gawk'
CC='gcc'
CCDEPMODE='depmode=gcc3'
CFLAGS='-g -O2'
CPP='gcc -E'
CPPFLAGS=''
CYGPATH_W='echo'
DEFS='-DHAVE_CONFIG_H'
DEPDIR='.deps'
ECHO_C=''
ECHO_N='-n'
ECHO_T=''
EGREP='/bin/grep -E'
EXEEXT=''
GREP='/bin/grep'
INSTALL_DATA='${INSTALL} -m 644'
INSTALL_PROGRAM='${INSTALL}'
INSTALL_SCRIPT='${INSTALL}'
INSTALL_STRIP_PROGRAM='$(install_sh) -c -s'
LDFLAGS=''
LIBOBJS=''
LIBS=''
LTLIBOBJS=''
MAKEINFO='${SHELL} /home/lvsj/study/test/arithmetic/missing makeinfo'
MKDIR_P='/bin/mkdir -p'
OBJEXT='o'
PACKAGE='int_arithmetic'
PACKAGE_BUGREPORT='12306.com'
PACKAGE_NAME='int_arithmetic'
PACKAGE_STRING='int_arithmetic 1.0'
PACKAGE_TARNAME='int_arithmetic'
PACKAGE_URL=''
PACKAGE_VERSION='1.0'
PATH_SEPARATOR=':'
RANLIB='ranlib'
SET_MAKE=''
SHELL='/bin/bash'
STRIP=''
VERSION='1.0'
ac_ct_CC='gcc'
am__EXEEXT_FALSE=''
am__EXEEXT_TRUE='#'
am__fastdepCC_FALSE='#'
am__fastdepCC_TRUE=''
am__include='include'
am__isrc=''
am__leading_dot='.'
am__nodep='_no'
am__quote=''
am__tar='$${TAR-tar} chof - "$$tardir"'
am__untar='$${TAR-tar} xf -'
bindir='${exec_prefix}/bin'
build_alias=''
datadir='${datarootdir}'
datarootdir='${prefix}/share'
docdir='${datarootdir}/doc/${PACKAGE_TARNAME}'
dvidir='${docdir}'
exec_prefix='${prefix}'
host_alias=''
htmldir='${docdir}'
includedir='${prefix}/include'
infodir='${datarootdir}/info'
install_sh='${SHELL} /home/lvsj/study/test/arithmetic/install-sh'
libdir='${exec_prefix}/lib'
libexecdir='${exec_prefix}/libexec'
localedir='${datarootdir}/locale'
localstatedir='${prefix}/var'
mandir='${datarootdir}/man'
mkdir_p='$(MKDIR_P)'
oldincludedir='/usr/include'
pdfdir='${docdir}'
prefix='/home/lvsj/arith'
program_transform_name='s,x,x,'
psdir='${docdir}'
runstatedir='${localstatedir}/run'
sbindir='${exec_prefix}/sbin'
sharedstatedir='${prefix}/com'
sysconfdir='${prefix}/etc'
target_alias=''

## ----------- ##
## confdefs.h. ##
## ----------- ##

/* confdefs.h */
#define PACKAGE_NAME "int_arithmetic"
#define PACKAGE_TARNAME "int_arithmetic"
#define PACKAGE_VERSION "1.0"
#define PACKAGE_STRING "int_arithmetic 1.0"
#define PACKAGE_BUGREPORT "12306.com"
#define PACKAGE_URL ""
#define PACKAGE "int_arithmetic"
#define VERSION "1.0"
#define STDC_HEADERS 1
#define HAVE_SYS_TYPES_H 1
#define HAVE_SYS_STAT_H 1
#define HAVE_STDLIB_H 1
#define HAVE_STRING_H 1
#define HAVE_MEMORY_H 1
#define HAVE_STRINGS_H 1
#define HAVE_INTTYPES_H 1
#define HAVE_STDINT_H 1
#define HAVE_UNISTD_H 1
#define HAVE_STDLIB_H 1
#define HAVE_UNISTD_H 1

configure: exit 0

## ---------------------- ##
## Running config.status. ##
## ---------------------- ##

This file was extended by int_arithmetic config.status 1.0, which was
generated by GNU Autoconf 2.69.  Invocation command line was

  CONFIG_FILES    = 
  CONFIG_HEADERS  = 
  CONFIG_LINKS    = 
  CONFIG_COMMANDS = 
  $ ./config.status Makefile depfiles

on lvsj-machine

config.status:857: creating Makefile
config.status:1086: executing depfiles commands
